Starting Log...
brian moved s8_Boom_Clicks.m4a
brian uploaded s9_Bowed_vibe_drone.m4a
brian moved s9_Bowed_vibe_drone.m4a
brian uploaded s10_Grinding_Coffee_Beans.m4a
brian moved s10_Grinding_Coffee_Beans.m4a
brian uploaded s11_belting.m4a
brian moved s11_belting.m4a
brian uploaded s12_fast_bass_arco.m4a
brian uploaded s13_guitar_vamp.m4a
brian uploaded s14_bass_lyrical_and_trill.m4a
brian uploaded s15_marimba_fast.m4a
brian moved s14_bass_lyrical_and_trill.m4a
brian moved s12_fast_bass_arco.m4a
brian moved s15_marimba_fast.m4a
brian uploaded s16_triangle_groove.m4a
brian moved s16_triangle_groove.m4a
brian uploaded s17_Violin_Fiddle.m4a
brian moved s17_Violin_Fiddle.m4a
brian uploaded s18_whistling.m4a
brian moved s18_whistling.m4a
brian uploaded s19_wind_chimes_(short).m4a
brian moved s19_wind_chimes_(short).m4a
Brian moved s19_wind_chimes_(short).m4a
Brian moved s17_Violin_Fiddle.m4a
Brian moved s10_Grinding_Coffee_Beans.m4a
me moved s18_whistling.m4a
me moved s11_belting.m4a
me moved s16_triangle_groove.m4a
me moved s13_guitar_vamp.m4a
me moved s18_whistling.m4a
me deleted s7_belting.m4a
me moved s11_belting.m4a
me moved s18_whistling.m4a
me moved s14_bass_lyrical_and_trill.m4a
b moved s17_Violin_Fiddle.m4a
b moved s11_belting.m4a
Mr. Test-guy moved s18_whistling.m4a
Mr. Test-guy moved s18_whistling.m4a
Mr. Test-guy moved s8_Boom_Clicks.m4a
BrianEllisSound moved s11_belting.m4a
BrianEllisSound moved s18_whistling.m4a
Toshi moved s17_Violin_Fiddle.m4a
Toshi moved s4_crickets.wav
Toshi moved s10_Grinding_Coffee_Beans.m4a
Toshi moved s4_crickets.wav
Brian uploaded s19_Brian
Brian moved s19_Brian
Brian deleted s19_Brian
Brian uploaded s20_Brian
Brian deleted s20_Brian
hello moved s15_marimba_fast.m4a
hello moved s11_belting.m4a
Pablo moved s8_Boom_Clicks.m4a
Pablo moved s16_triangle_groove.m4a
Pablo moved s17_Violin_Fiddle.m4a
Pablo moved s10_Grinding_Coffee_Beans.m4a
Pablo moved s4_crickets.wav
Pablo moved s10_Grinding_Coffee_Beans.m4a
Pablo moved s9_Bowed_vibe_drone.m4a
Brian moved s14_bass_lyrical_and_trill.m4a
Pablo moved s14_bass_lyrical_and_trill.m4a
Pablo uploaded s21_Prepared_ArcoSafetyPin_D_01.wav
Pablo moved s21_Prepared_ArcoSafetyPin_D_01.wav
Pablo moved s19_wind_chimes_(short).m4a
Pablo moved s13_guitar_vamp.m4a
pabloboe uploaded s22_pabloboe
Brian moved s22_pabloboe
pabloboe moved s22_pabloboe
pabloboe uploaded s23_pabloboe
pabloboe moved s23_pabloboe
pabloboe deleted s23_pabloboe
Tabes B moved s13_guitar_vamp.m4a
Tabes B moved s21_Prepared_ArcoSafetyPin_D_01.wav
Brian moved s22_pabloboe
Tabes B moved s17_Violin_Fiddle.m4a
Tabes B moved s14_bass_lyrical_and_trill.m4a
Tabes B uploaded s24_Tabes B
Tabes B uploaded s25_Tabes B
pabloboe moved s17_Violin_Fiddle.m4a
Tabes B uploaded s26_Tabes B
pabloboe uploaded s27_pabloboe
TabesB uploaded s28_TabesB
TabesB moved s28_TabesB
pabloboe moved s27_pabloboe
TabesB moved s28_TabesB
pabloboe moved s27_pabloboe
pabloboe moved s27_pabloboe
TabesB deleted s28_TabesB
pabloboe deleted s27_pabloboe
TabesB uploaded s29_TabesB
TabesB moved s29_TabesB
pabloboe moved s22_pabloboe
pabloboe moved s13_guitar_vamp.m4a
TabesB uploaded s30_TabesB
pabloboe moved s19_wind_chimes_(short).m4a
TabesB moved s29_TabesB
pabloboe moved s29_TabesB
pabloboe moved s29_TabesB
pabloboe uploaded s31_pabloboe
pabloboe moved s31_pabloboe
TabesB moved s29_TabesB
pabloboe moved s31_pabloboe
TabesB deleted s29_TabesB
pabloboe moved s31_pabloboe
pabloboe moved s31_pabloboe
pabloboe moved s31_pabloboe
pabloboe uploaded s32_pabloboe
pabloboe moved s32_pabloboe
pabloboe uploaded s33_Pizz_A4_01.wav
pabloboe moved s33_Pizz_A4_01.wav
pabloboe moved s31_pabloboe
pabloboe moved s14_bass_lyrical_and_trill.m4a
pabloboe moved s14_bass_lyrical_and_trill.m4a
pabloboe moved s30_TabesB
pabloboe moved s32_pabloboe
pabloboe moved s12_fast_bass_arco.m4a
pabloboe moved s21_Prepared_ArcoSafetyPin_D_01.wav
Tabes moved s18_whistling.m4a
Tabes uploaded s34_Tabes
Tabes moved s34_Tabes
Tabes moved s34_Tabes
Shannon moved s4_crickets.wav
Shannon uploaded s35_slidy bit 2.wav
Shannon moved s16_triangle_groove.m4a
Shannon moved s14_bass_lyrical_and_trill.m4a
Shannon uploaded s36_fl-ex-trem.wav
Shannon moved s36_fl-ex-trem.wav
Shannon moved s36_fl-ex-trem.wav
Shannon moved s36_fl-ex-trem.wav
Shannon moved s36_fl-ex-trem.wav
Shannon moved s36_fl-ex-trem.wav
Shannon uploaded s37_thp.wav
Shannon moved s37_thp.wav
Shannon moved s37_thp.wav
Shannon moved s36_fl-ex-trem.wav
Shannon moved s36_fl-ex-trem.wav
Shannon moved s37_thp.wav
Shannon moved s36_fl-ex-trem.wav
Shannon moved s36_fl-ex-trem.wav
Shannon moved s36_fl-ex-trem.wav
Shannon uploaded s38_slidy-bits.wav
Shannon moved s38_slidy-bits.wav
Shannon moved s38_slidy-bits.wav
Shannon moved s37_thp.wav
Shannon moved s38_slidy-bits.wav
Shannon uploaded s39_slidy-bits-2.wav
Shannon moved s39_slidy-bits-2.wav
Shannon moved s39_slidy-bits-2.wav
Shannon moved s38_slidy-bits.wav
Shannon moved s39_slidy-bits-2.wav
Shannon moved s39_slidy-bits-2.wav
Shannon moved s39_slidy-bits-2.wav
Shannon moved s36_fl-ex-trem.wav
Shannon moved s36_fl-ex-trem.wav
Shannon moved s39_slidy-bits-2.wav
Shannon uploaded s40_picc-whistle.wav
Shannon moved s40_picc-whistle.wav
Shannon moved s40_picc-whistle.wav
Shannon moved s40_picc-whistle.wav
Shannon moved s39_slidy-bits-2.wav
Shannon moved s40_picc-whistle.wav
Shannon moved s40_picc-whistle.wav
Shannon moved s38_slidy-bits.wav
Shannon moved s39_slidy-bits-2.wav
Shannon moved s38_slidy-bits.wav
Shannon moved s36_fl-ex-trem.wav
Shannon moved s38_slidy-bits.wav
Shannon moved s38_slidy-bits.wav
Shannon moved s40_picc-whistle.wav
Shannon uploaded s41_fltrill.wav
Shannon moved s41_fltrill.wav
Shannon moved s41_fltrill.wav
Shannon moved s36_fl-ex-trem.wav
Shannon moved s41_fltrill.wav
Shannon moved s41_fltrill.wav
Shannon moved s41_fltrill.wav
Shannon moved s41_fltrill.wav
Shannon moved s41_fltrill.wav
Shannon moved s39_slidy-bits-2.wav
Shannon moved s41_fltrill.wav
Shannon moved s40_picc-whistle.wav
Brian uploaded s42_Brian
Brian moved s42_Brian
Brian deleted s42_Brian
Brian moved s36_fl-ex-trem.wav
Brian deleted s13_guitar_vamp.m4a
Brian moved s31_pabloboe
Brian deleted s15_marimba_fast.m4a
Brian deleted s17_Violin_Fiddle.m4a
Brian deleted s12_fast_bass_arco.m4a
Brian deleted s11_belting.m4a
Brian moved s32_pabloboe
Brian deleted s18_whistling.m4a
Brian moved s4_crickets.wav
Brian uploaded s43_Brian
Brian moved s43_Brian
BrianMelodicaC uploaded s44_BrianMelodicaC
BrianMelodicaC moved s44_BrianMelodicaC
BrianMelodicaC uploaded s45_BrianMelodicaC
BrianMelodicaC deleted s45_BrianMelodicaC
RainStick uploaded s46_RainStick
RainStick moved s46_RainStick
RainStick uploaded s47_RainStick
RainStick moved s47_RainStick
RainStick uploaded s48_RainStick
RainStick deleted s48_RainStick
BrianSinging uploaded s49_BrianSinging
BrianSinging moved s49_BrianSinging
Brian uploaded s50_Brian
Brian moved s50_Brian
Brian moved s49_BrianSinging
Brian moved s38_slidy-bits.wav
Brian uploaded s51_Brian
Brian moved s51_Brian
Brian moved s32_pabloboe
kpet moved s8_Boom_Clicks.m4a
kpet moved s16_triangle_groove.m4a
Brian uploaded s52_Brian
Brian moved s52_Brian
MelodicaJabs uploaded s53_MelodicaJabs
MelodicaJabs deleted s52_Brian
MelodicaJabs2 uploaded s54_MelodicaJabs2
MelodicaJabs2 moved s54_MelodicaJabs2
MelodicaDrone uploaded s55_MelodicaDrone
MelodicaDrone moved s55_MelodicaDrone
kpet uploaded s56_kpet
kpet moved s56_kpet
kpet uploaded s57_kpet
kpet moved s57_kpet
MelodicaDrone uploaded s58_MelodicaDrone
MelodicaDrone deleted s58_MelodicaDrone
kpet moved s57_kpet
kpet moved s57_kpet
GuitarImprov uploaded s59_GuitarImprov
GuitarImprov moved s59_GuitarImprov
kpet uploaded s60_kpet
kpet moved s56_kpet
Brian moved s59_GuitarImprov
kpet moved s60_kpet
Brian uploaded s61_Brian
kpet moved s60_kpet
Brian moved s61_Brian
Shannon uploaded s62_fl1.m4a
kpet uploaded s63_kpet
kpet moved s63_kpet
Shannon moved s62_fl1.m4a
Shannon moved s38_slidy-bits.wav
Shannon moved s38_slidy-bits.wav
kpet moved s56_kpet
Shannon deleted s38_slidy-bits.wav
Fchord uploaded s64_Fchord
brian moved s64_Fchord
kpet deleted s60_kpet
brian moved s19_wind_chimes_(short).m4a
kpet uploaded s65_kpet
brian uploaded s66_brian
brian moved s66_brian
Shannon uploaded s67_picc-birb.m4a
brian moved s66_brian
Shannon moved s67_picc-birb.m4a
Shannon moved s62_fl1.m4a
Shannon moved s67_picc-birb.m4a
Brian deleted s30_TabesB
pabloboe uploaded s68_pabloboe
pabloboe moved s68_pabloboe
pabloboe deleted s31_pabloboe
pabloboe moved s68_pabloboe
pabloboe moved s32_pabloboe
pabloboe moved s32_pabloboe
brian deleted s14_bass_lyrical_and_trill.m4a
brian deleted s66_brian
brian deleted s32_pabloboe
brian deleted s68_pabloboe
brian deleted s61_Brian
brian deleted s22_pabloboe
brian deleted s50_Brian
brian deleted s59_GuitarImprov
brian deleted s49_BrianSinging
brian moved s53_MelodicaJabs
brian deleted s34_Tabes
pabloboe uploaded s69_pabloboe
pabloboe moved s69_pabloboe
pabloboe deleted s69_pabloboe
pabloboe moved s8_Boom_Clicks.m4a
pabloboe moved s57_kpet
alexa moved s62_fl1.m4a
pabloboe uploaded s70_pabloboe
brian uploaded s71_brian
pabloboe moved s70_pabloboe
alexa moved s62_fl1.m4a
Julia uploaded s72_Julia
Shannon uploaded s73_EXIST.m4a
brian moved s71_brian
sailormoon moved s43_Brian
pabloboe uploaded s74_pabloboe
Julian uploaded s75_Julian
Shannon moved s73_EXIST.m4a
alexa moved s75_Julian
pabloboe moved s74_pabloboe
Julian moved s75_Julian
J-Posthuma uploaded s76_J-Posthuma
brian moved s65_kpet
Julia uploaded s77_Julia
Connor moved s73_EXIST.m4a
pabloboe moved s47_RainStick
J-Posthuma moved s64_Fchord
PeterXavier moved s64_Fchord
sailormoon moved s64_Fchord
Connor moved s73_EXIST.m4a
brian moved s10_Grinding_Coffee_Beans.m4a
Julia moved s65_kpet
sailormoon moved s64_Fchord
pabloboe uploaded s78_pabloboe
Shannon moved s73_EXIST.m4a
brian moved s77_Julia
pabloboe moved s70_pabloboe
J-Posthuma moved s76_J-Posthuma
sailormoon moved s21_Prepared_ArcoSafetyPin_D_01.wav
Shannon uploaded s79_thp.wav
Shannon moved s79_thp.wav
Connor moved s46_RainStick
Julia moved s72_Julia
brian moved s78_pabloboe
sailormoon moved s55_MelodicaDrone
brian moved s54_MelodicaJabs2
Julian uploaded s80_Julian
J-Posthuma uploaded s81_J-Posthuma
Julian moved s80_Julian
Connor moved s80_Julian
Julia uploaded s82_Julia
Shosh uploaded s83_Shosh
brian moved s81_J-Posthuma
sailormoon moved s8_Boom_Clicks.m4a
Julia moved s77_Julia
pabloboe uploaded s84_pabloboe
Shosh moved s83_Shosh
J-Posthuma moved s76_J-Posthuma
Connor moved s73_EXIST.m4a
Shosh moved s83_Shosh
Julia moved s77_Julia
sailormoon uploaded s85_sailormoon
pabloboe moved s84_pabloboe
brian moved s84_pabloboe
sailormoon moved s85_sailormoon
J-Posthuma moved s81_J-Posthuma
Connor moved s41_fltrill.wav
sailormoon uploaded s86_sailormoon
J-Posthuma deleted s76_J-Posthuma
sailormoon moved s86_sailormoon
Connor uploaded s87_Connor
Shannon uploaded s88_picc-birb.m4a
Connor moved s44_BrianMelodicaC
J-Posthuma deleted s64_Fchord
PeterXavier uploaded s89_PeterXavier
brian moved s10_Grinding_Coffee_Beans.m4a
Shannon moved s88_picc-birb.m4a
sailormoon moved s86_sailormoon
PeterXavier moved s89_PeterXavier
pabloboe uploaded s90_pabloboe
pabloboe moved s84_pabloboe
J-Posthuma deleted s55_MelodicaDrone
Julia moved s90_pabloboe
Julian deleted s75_Julian
Shosh uploaded s91_Shosh
Shosh moved s91_Shosh
pabloboe deleted s84_pabloboe
J-Posthuma deleted s4_crickets.wav
Julia uploaded s92_Julia
Connor uploaded s93_beeps.wav
Shannon moved s73_EXIST.m4a
pabloboe moved s90_pabloboe
Shosh uploaded s94_Shosh
Julia moved s92_Julia
Julian moved s80_Julian
brian moved s82_Julia
sailormoon uploaded s95_sailormoon
PeterXavier uploaded s96_PeterXavier
sailormoon moved s95_sailormoon
PeterXavier moved s96_PeterXavier
brian moved s96_PeterXavier
Connor moved s70_pabloboe
sailormoon moved s86_sailormoon
PeterXavier moved s96_PeterXavier
Julian uploaded s97_Julian
brian moved s96_PeterXavier
Julian moved s97_Julian
pabloboe uploaded s98_pabloboe
Julia uploaded s99_Julia
PeterXavier moved s89_PeterXavier
pabloboe moved s98_pabloboe
Julia moved s99_Julia
Shosh uploaded s100_Shosh
Shannon uploaded s101_fltrill.wav
Julian deleted s80_Julian
sailormoon moved s89_PeterXavier
Shosh moved s100_Shosh
Shannon moved s101_fltrill.wav
PeterXavier moved s96_PeterXavier
pabloboe uploaded s102_pabloboe
Shosh deleted s83_Shosh
Shannon moved s73_EXIST.m4a
brian moved s94_Shosh
J-Posthuma uploaded s103_J-Posthuma
Shosh moved s100_Shosh
brian deleted s10_Grinding_Coffee_Beans.m4a
pabloboe uploaded s104_pabloboe
Shannon moved s73_EXIST.m4a
Tabes uploaded s105_Tabes
Shosh uploaded s106_Shosh
brian moved s106_Shosh
pabloboe uploaded s107_pabloboe
Connor moved s33_Pizz_A4_01.wav
J-Posthuma moved s103_J-Posthuma
Julia uploaded s108_Julia
Shosh moved s94_Shosh
pabloboe uploaded s109_pabloboe
Connor moved s96_PeterXavier
brian moved s54_MelodicaJabs2
pabloboe moved s96_PeterXavier
Tabes uploaded s110_Tabes
Julia moved s82_Julia
sailormoon moved s86_sailormoon
Tabes moved s105_Tabes
Julia moved s108_Julia
PeterXavier moved s90_pabloboe
pabloboe moved s88_picc-birb.m4a
J-Posthuma uploaded s111_J-Posthuma
pabloboe uploaded s112_pabloboe
J-Posthuma moved s111_J-Posthuma
brian moved s73_EXIST.m4a
pabloboe moved s109_pabloboe
Connor moved s100_Shosh
Shannon uploaded s113_EXIST.m4a
Julia moved s108_Julia
PeterXavier moved s89_PeterXavier
Tabes uploaded s114_Tabes
Shannon moved s113_EXIST.m4a
Tabes moved s114_Tabes
brian moved s99_Julia
Connor moved s87_Connor
Julia moved s108_Julia
Julia deleted s92_Julia
J-Posthuma moved s111_J-Posthuma
Shannon uploaded s115_slidy-bits-2.wav
Tabes moved s114_Tabes
Julia moved s108_Julia
J-Posthuma moved s96_PeterXavier
sailormoon moved s65_kpet
Connor moved s57_kpet
Shannon moved s115_slidy-bits-2.wav
J-Posthuma moved s103_J-Posthuma
pabloboe uploaded s116_pabloboe
Tabes moved s77_Julia
sailormoon moved s86_sailormoon
PeterXavier moved s96_PeterXavier
pabloboe moved s116_pabloboe
Connor moved s21_Prepared_ArcoSafetyPin_D_01.wav
Shosh uploaded s117_Shosh
brian moved s56_kpet
Tabes moved s105_Tabes
pabloboe moved s116_pabloboe
J-Posthuma uploaded s118_J-Posthuma
PeterXavier uploaded s119_PeterXavier
Shannon uploaded s120_thp.wav
brian deleted s43_Brian
Connor moved s46_RainStick
Shannon moved s120_thp.wav
J-Posthuma moved s118_J-Posthuma
PeterXavier moved s119_PeterXavier
Shosh moved s117_Shosh
brian deleted s54_MelodicaJabs2
Connor deleted s56_kpet
pabloboe moved s108_Julia
brian moved s71_brian
Connor moved s87_Connor
sailormoon moved s96_PeterXavier
pabloboe deleted s78_pabloboe
J-Posthuma moved s115_slidy-bits-2.wav
PeterXavier moved s89_PeterXavier
Connor moved s94_Shosh
Julian uploaded s121_untitled.mp3
J-Posthuma moved s90_pabloboe
Julian moved s53_MelodicaJabs
Julia moved s72_Julia
brian deleted s9_Bowed_vibe_drone.m4a
Connor deleted s74_pabloboe
PeterXavier deleted s117_Shosh
pabloboe moved s114_Tabes
J-Posthuma moved s96_PeterXavier
Julian moved s53_MelodicaJabs
brian deleted s71_brian
Julia moved s62_fl1.m4a
Connor moved s73_EXIST.m4a
PeterXavier deleted s96_PeterXavier
J-Posthuma deleted s96_PeterXavier
Julian uploaded s122_untitled.mp3
brian deleted s114_Tabes
Julian moved s122_untitled.mp3
J-Posthuma deleted s122_untitled.mp3
PeterXavier deleted s89_PeterXavier
Julia deleted s101_fltrill.wav
Connor deleted s87_Connor
brian deleted s19_wind_chimes_(short).m4a
Shannon deleted s36_fl-ex-trem.wav
J-Posthuma deleted s51_Brian
PeterXavier deleted s119_PeterXavier
Connor moved s67_picc-birb.m4a
Shosh deleted s65_kpet
brian deleted s16_triangle_groove.m4a
Shannon deleted s39_slidy-bits-2.wav
sailormoon deleted s86_sailormoon
J-Posthuma moved s115_slidy-bits-2.wav
Julia deleted s67_picc-birb.m4a
Shosh deleted s91_Shosh
PeterXavier moved s121_untitled.mp3
brian moved s47_RainStick
Julian deleted s94_Shosh
Shannon deleted s79_thp.wav
J-Posthuma deleted s44_BrianMelodicaC
Julia moved s99_Julia
Connor deleted s40_picc-whistle.wav
brian moved s41_fltrill.wav
Shannon deleted s40_picc-whistle.wav
sailormoon deleted s85_sailormoon
Shosh deleted s106_Shosh
J-Posthuma deleted s121_untitled.mp3
Connor deleted s121_untitled.mp3
brian moved s105_Tabes
J-Posthuma deleted s107_pabloboe
Julia moved s108_Julia
Connor moved s21_Prepared_ArcoSafetyPin_D_01.wav
PeterXavier deleted s116_pabloboe
pabloboe deleted s90_pabloboe
brian moved s21_Prepared_ArcoSafetyPin_D_01.wav
Shosh deleted s113_EXIST.m4a
Shannon deleted s113_EXIST.m4a
alexa moved s41_fltrill.wav
J-Posthuma deleted s88_picc-birb.m4a
brian moved s108_Julia
Connor deleted s73_EXIST.m4a
pabloboe deleted s118_J-Posthuma
alexa moved s108_Julia
sailormoon deleted s41_fltrill.wav
J-Posthuma deleted s102_pabloboe
brian moved s46_RainStick
pabloboe moved s97_Julian
Shannon deleted s120_thp.wav
J-Posthuma deleted s57_kpet
sailormoon deleted s70_pabloboe
PeterXavier deleted s70_pabloboe
pabloboe deleted s70_pabloboe
J-Posthuma deleted s99_Julia
J-Posthuma deleted s115_slidy-bits-2.wav
J-Posthuma moved s103_J-Posthuma
J-Posthuma deleted s8_Boom_Clicks.m4a
J-Posthuma deleted s103_J-Posthuma
J-Posthuma moved s81_J-Posthuma
J-Posthuma moved s104_pabloboe
J-Posthuma moved s112_pabloboe
J-Posthuma moved s109_pabloboe
J-Posthuma moved s98_pabloboe
J-Posthuma moved s81_J-Posthuma
J-Posthuma moved s111_J-Posthuma
J-Posthuma moved s47_RainStick
J-Posthuma uploaded s123_MorosePiano1.wav
J-Posthuma moved s123_MorosePiano1.wav
J-Posthuma uploaded s124_MorosePiano3.wav
J-Posthuma moved s124_MorosePiano3.wav
J-Posthuma moved s109_pabloboe
J-Posthuma moved s104_pabloboe
J-Posthuma moved s100_Shosh
J-Posthuma deleted s104_pabloboe
J-Posthuma deleted s97_Julian
J-Posthuma deleted s81_J-Posthuma
J-Posthuma moved s82_Julia
J-Posthuma deleted s53_MelodicaJabs
J-Posthuma deleted s2_s2.wav
J-Posthuma moved s98_pabloboe
J-Posthuma deleted s109_pabloboe
J-Posthuma deleted s72_Julia
J-Posthuma moved s100_Shosh
J-Posthuma moved s98_pabloboe
J-Posthuma moved s112_pabloboe
J-Posthuma moved s124_MorosePiano3.wav
J-Posthuma moved s95_sailormoon
J-Posthuma moved s95_sailormoon
J-Posthuma moved s37_thp.wav
J-Posthuma moved s47_RainStick
J-Posthuma moved s98_pabloboe
Brian uploaded s119_Brian
Brian moved s119_Brian
Brian Ellis Sound uploaded s120_Brian_Ellis Sound
Brian uploaded s120_Brian
Brian Ellis Sound uploaded s121_Brian_Ellis_Sound
Brian Ellis Sound moved s121_Brian_Ellis_Sound
Brian Ellis Sound moved s121_Brian_Ellis_Sound
Brian Ellis Sound uploaded s122_bleat.wav
Brian Ellis Sound moved s122_bleat.wav
Brian Ellis Sound uploaded s123_bleat_copy.wav
Brian Ellis Sound moved s123_bleat_copy.wav
Brian Ellis Sound uploaded s124_bleat_copy.wav
brian ellis moved s124_bleat_copy.wav
brian ellis moved s110_Tabes
brian ellis uploaded s125_brian_ellis
brian ellis deleted s125_brian_ellis
brian ellis uploaded s126_3.m4a
brian ellis moved s126_3.m4a
brian ellis moved s126_3.m4a
brian ellis moved s126_3.m4a
J-Posthuma moved s47_RainStick
J-Posthuma uploaded s127_MorosePiano2.wav
